<?xml version="1.0" encoding="UTF-8"?>
<testng-results ignored="0" total="1" passed="1" failed="0" skipped="0">
  <reporter-output>
  </reporter-output>
  <suite started-at="2020-08-05T15:51:10 MESZ" name="Default suite" finished-at="2020-08-05T15:51:25 MESZ" duration-ms="15816">
    <groups>
    </groups>
    <test started-at="2020-08-05T15:51:10 MESZ" name="Default test" finished-at="2020-08-05T15:51:25 MESZ" duration-ms="15816">
      <class name="com.komoot.Testcases.VerifyKomootSignUp">
        <test-method signature="verifyValidLogin()[pri:0, instance:com.komoot.Testcases.VerifyKomootSignUp@70be0a2b]" started-at="2020-08-05T15:51:10 MESZ" name="verifyValidLogin" finished-at="2020-08-05T15:51:25 MESZ" duration-ms="15743" status="PASS">
          <reporter-output>
          </reporter-output>
        </test-method> <!-- verifyValidLogin -->
      </class> <!-- com.komoot.Testcases.VerifyKomootSignUp -->
    </test> <!-- Default test -->
  </suite> <!-- Default suite -->
</testng-results>
